I, [2015-02-05T22:36:47.673641 #31731]  INFO -- : Started GET "/" for 185.10.224.66 at 2015-02-05 22:36:47 +0100
I, [2015-02-05T22:36:47.732319 #31731]  INFO -- : Processing by ResourcesController#index as HTML
E, [2015-02-05T22:36:47.749092 #31731] ERROR -- : Mysql2::Error: Table 'railsearcher_production.resources' doesn't exist: SELECT `resources`.* FROM `resources`
I, [2015-02-05T22:36:47.749649 #31731]  INFO -- :   Rendered resources/index.html.erb within layouts/application (7.7ms)
I, [2015-02-05T22:36:47.749791 #31731]  INFO -- : Completed 500 Internal Server Error in 17ms
F, [2015-02-05T22:36:47.752875 #31731] FATAL -- : 
ActionView::Template::Error (Mysql2::Error: Table 'railsearcher_production.resources' doesn't exist: SELECT `resources`.* FROM `resources`):
    17:   </thead>
    18: 
    19:   <tbody>
    20:     <% @resources.each do |resource| %>
    21:       <tr>
    22:         <td><%= resource.port %></td>
    23:         <td><%= resource.protocol %></td>
  app/views/resources/index.html.erb:20:in `_app_views_resources_index_html_erb__3029411015896192030_19108720'


I, [2015-02-05T22:45:44.521612 #32258]  INFO -- : Started GET "/" for 185.10.224.66 at 2015-02-05 22:45:44 +0100
I, [2015-02-05T22:45:44.532544 #32258]  INFO -- : Processing by ResourcesController#index as HTML
I, [2015-02-05T22:45:44.555918 #32258]  INFO -- :   Rendered resources/index.html.erb within layouts/application (14.5ms)
I, [2015-02-05T22:45:44.557279 #32258]  INFO -- : Completed 200 OK in 25ms (Views: 16.2ms | ActiveRecord: 1.0ms)
I, [2015-02-05T23:11:19.465497 #926]  INFO -- : Started GET "/" for 185.10.224.66 at 2015-02-05 23:11:19 +0100
I, [2015-02-05T23:11:19.476224 #926]  INFO -- : Processing by ResourcesController#index as HTML
I, [2015-02-05T23:11:19.499323 #926]  INFO -- :   Rendered resources/index.html.erb within layouts/application (14.2ms)
I, [2015-02-05T23:11:19.500695 #926]  INFO -- : Completed 200 OK in 24ms (Views: 16.5ms | ActiveRecord: 0.8ms)
I, [2015-02-05T23:11:34.175822 #926]  INFO -- : Started GET "/" for 185.10.224.66 at 2015-02-05 23:11:34 +0100
I, [2015-02-05T23:11:34.176629 #926]  INFO -- : Processing by ResourcesController#index as HTML
I, [2015-02-05T23:11:34.180147 #926]  INFO -- :   Rendered resources/index.html.erb within layouts/application (2.5ms)
I, [2015-02-05T23:11:34.180620 #926]  INFO -- : Completed 200 OK in 4ms (Views: 3.2ms | ActiveRecord: 0.1ms)
